2025-04-21 23:23:45 | INFO     | __main__:<module>:230 - Starting server on 0.0.0.0:8236
2025-04-21 23:23:47 | INFO     | app:startup_event:63 - Starting up Glaucoma Detection API
2025-04-21 23:23:47 | INFO     | app:startup_event:66 - Loading ResNet feature extractor model
2025-04-21 23:23:47 | INFO     | model_utils:load_resnet_feature_extractor:28 - Loading resnet50 feature extractor
2025-04-21 23:23:50 | SUCCESS  | model_utils:load_resnet_feature_extractor:71 - resnet50 feature extractor loaded successfully
2025-04-21 23:23:50 | INFO     | app:startup_event:70 - Loading MLP classification model
2025-04-21 23:23:50 | INFO     | model_utils:load_mlp_model:86 - Loading MLP model from models/glaucoma_mlp_model.pkl
2025-04-21 23:23:50 | SUCCESS  | model_utils:load_mlp_model:89 - MLP model loaded successfully
2025-04-21 23:23:50 | INFO     | app:startup_event:76 - Created upload directory: uploaded
2025-04-21 23:23:50 | SUCCESS  | app:startup_event:78 - Models loaded and API ready to serve requests
2025-04-22 00:02:51 | INFO     | __main__:<module>:230 - Starting server on 0.0.0.0:8236
2025-04-22 00:02:53 | INFO     | app:startup_event:63 - Starting up Glaucoma Detection API
2025-04-22 00:02:53 | INFO     | app:startup_event:66 - Loading ResNet feature extractor model
2025-04-22 00:02:53 | INFO     | model_utils:load_resnet_feature_extractor:28 - Loading resnet50 feature extractor
2025-04-22 00:02:58 | SUCCESS  | model_utils:load_resnet_feature_extractor:71 - resnet50 feature extractor loaded successfully
2025-04-22 00:02:58 | INFO     | app:startup_event:70 - Loading MLP classification model
2025-04-22 00:02:58 | INFO     | model_utils:load_mlp_model:86 - Loading MLP model from models/glaucoma_mlp_model.pkl
2025-04-22 00:02:58 | SUCCESS  | model_utils:load_mlp_model:89 - MLP model loaded successfully
2025-04-22 00:02:58 | INFO     | app:startup_event:76 - Created upload directory: uploaded
2025-04-22 00:02:58 | SUCCESS  | app:startup_event:78 - Models loaded and API ready to serve requests
2025-04-22 00:03:06 | INFO     | app:upload_image:127 - Processing upload request for file: Copy of 640.jpg (saved as b5205f4f-b1fd-43b0-956b-669c66d7e2a4.jpg)
2025-04-22 00:03:07 | INFO     | model_utils:predict_glaucoma:200 - Prediction: 0, Probability: [0.94050109 0.05949891]
2025-04-22 00:03:07 | INFO     | model_utils:predict_glaucoma:212 - Prediction result: Glaucoma (class 0)
2025-04-22 00:03:07 | INFO     | app:upload_image:138 - Prediction for Copy of 640.jpg: Glaucoma, Probability: {'Glaucoma': 0.9405010947345382, 'No Glaucoma': 0.05949890526546172}
2025-04-22 00:03:07 | INFO     | model_utils:load_resnet_feature_extractor:28 - Loading resnet50 feature extractor
2025-04-22 00:03:07 | SUCCESS  | model_utils:load_resnet_feature_extractor:71 - resnet50 feature extractor loaded successfully
2025-04-22 00:03:07 | INFO     | model_utils:generate_gradcam:508 - Generating Grad-CAM visualization for uploaded/b5205f4f-b1fd-43b0-956b-669c66d7e2a4.jpg
2025-04-22 00:03:08 | SUCCESS  | model_utils:generate_gradcam:591 - Successfully generated Grad-CAM visualization
2025-04-22 00:03:08 | SUCCESS  | model_utils:visualize_model_focus:654 - Visualization saved to uploaded/b5205f4f-b1fd-43b0-956b-669c66d7e2a4_gradcam.jpg
2025-04-22 00:03:08 | INFO     | app:upload_image:142 - Visualization saved to: uploaded/b5205f4f-b1fd-43b0-956b-669c66d7e2a4_gradcam.jpg
2025-04-22 00:03:31 | INFO     | app:upload_image:127 - Processing upload request for file: Copy of 640.jpg (saved as 5e854af0-2b6a-469e-b0af-6725ce4a1369.jpg)
2025-04-22 00:03:31 | INFO     | model_utils:predict_glaucoma:200 - Prediction: 0, Probability: [0.94050109 0.05949891]
2025-04-22 00:03:31 | INFO     | model_utils:predict_glaucoma:212 - Prediction result: Glaucoma (class 0)
2025-04-22 00:03:31 | INFO     | app:upload_image:138 - Prediction for Copy of 640.jpg: Glaucoma, Probability: {'Glaucoma': 0.9405010947345382, 'No Glaucoma': 0.05949890526546172}
2025-04-22 00:03:31 | INFO     | model_utils:load_resnet_feature_extractor:28 - Loading resnet50 feature extractor
2025-04-22 00:03:32 | SUCCESS  | model_utils:load_resnet_feature_extractor:71 - resnet50 feature extractor loaded successfully
2025-04-22 00:03:32 | INFO     | model_utils:generate_gradcam:508 - Generating Grad-CAM visualization for uploaded/5e854af0-2b6a-469e-b0af-6725ce4a1369.jpg
2025-04-22 00:03:32 | SUCCESS  | model_utils:generate_gradcam:591 - Successfully generated Grad-CAM visualization
2025-04-22 00:03:32 | SUCCESS  | model_utils:visualize_model_focus:654 - Visualization saved to uploaded/5e854af0-2b6a-469e-b0af-6725ce4a1369_gradcam.jpg
2025-04-22 00:03:32 | INFO     | app:upload_image:142 - Visualization saved to: uploaded/5e854af0-2b6a-469e-b0af-6725ce4a1369_gradcam.jpg
2025-04-22 02:23:21 | INFO     | app:upload_image:127 - Processing upload request for file: 246943183709.JPEG (saved as 945d6412-21c3-461b-ae14-98dcc4c3a432.JPEG)
2025-04-22 02:23:21 | INFO     | model_utils:predict_glaucoma:200 - Prediction: 0, Probability: [9.99999733e-01 2.67024387e-07]
2025-04-22 02:23:21 | INFO     | model_utils:predict_glaucoma:212 - Prediction result: Glaucoma (class 0)
2025-04-22 02:23:21 | INFO     | app:upload_image:138 - Prediction for 246943183709.JPEG: Glaucoma, Probability: {'Glaucoma': 0.9999997329756125, 'No Glaucoma': 2.670243874545909e-07}
2025-04-22 02:23:21 | INFO     | model_utils:load_resnet_feature_extractor:28 - Loading resnet50 feature extractor
2025-04-22 02:23:22 | SUCCESS  | model_utils:load_resnet_feature_extractor:71 - resnet50 feature extractor loaded successfully
2025-04-22 02:23:22 | INFO     | model_utils:generate_gradcam:508 - Generating Grad-CAM visualization for uploaded/945d6412-21c3-461b-ae14-98dcc4c3a432.JPEG
2025-04-22 02:23:22 | SUCCESS  | model_utils:generate_gradcam:591 - Successfully generated Grad-CAM visualization
2025-04-22 02:23:22 | SUCCESS  | model_utils:visualize_model_focus:654 - Visualization saved to uploaded/945d6412-21c3-461b-ae14-98dcc4c3a432_gradcam.JPEG
2025-04-22 02:23:22 | INFO     | app:upload_image:142 - Visualization saved to: uploaded/945d6412-21c3-461b-ae14-98dcc4c3a432_gradcam.JPEG
2025-04-22 02:23:37 | INFO     | app:upload_image:127 - Processing upload request for file: IMG_20141206_132732.jpg (saved as 9c53e187-8aa7-470d-9a56-5c2f4ecf88db.jpg)
2025-04-22 02:23:37 | INFO     | model_utils:predict_glaucoma:200 - Prediction: 0, Probability: [0.90768372 0.09231628]
2025-04-22 02:23:37 | INFO     | model_utils:predict_glaucoma:212 - Prediction result: Glaucoma (class 0)
2025-04-22 02:23:37 | INFO     | app:upload_image:138 - Prediction for IMG_20141206_132732.jpg: Glaucoma, Probability: {'Glaucoma': 0.9076837157086272, 'No Glaucoma': 0.09231628429137284}
2025-04-22 02:23:37 | INFO     | model_utils:load_resnet_feature_extractor:28 - Loading resnet50 feature extractor
2025-04-22 02:23:37 | SUCCESS  | model_utils:load_resnet_feature_extractor:71 - resnet50 feature extractor loaded successfully
2025-04-22 02:23:37 | INFO     | model_utils:generate_gradcam:508 - Generating Grad-CAM visualization for uploaded/9c53e187-8aa7-470d-9a56-5c2f4ecf88db.jpg
2025-04-22 02:23:38 | SUCCESS  | model_utils:generate_gradcam:591 - Successfully generated Grad-CAM visualization
2025-04-22 02:23:38 | SUCCESS  | model_utils:visualize_model_focus:654 - Visualization saved to uploaded/9c53e187-8aa7-470d-9a56-5c2f4ecf88db_gradcam.jpg
2025-04-22 02:23:38 | INFO     | app:upload_image:142 - Visualization saved to: uploaded/9c53e187-8aa7-470d-9a56-5c2f4ecf88db_gradcam.jpg
